<?xml version="1.0" encoding="UTF-8"?>
<!-- Generated by org.testng.reporters.JUnitReportReporter -->
<testsuite hostname="LAPTOP-77387DFH" failures="0" tests="4" name="com.test.rest.RestAutomation" time="4.609" errors="0" timestamp="2020-04-14T11:01:51 EDT" skipped="0">
  <testcase classname="com.test.rest.RestAutomation" name="GET_drawFromDeck" time="0.502"/>
  <system-out/>
  <testcase classname="com.test.rest.RestAutomation" name="Get_drawFromDeckCount" time="0.436"/>
  <system-out/>
  <testcase classname="com.test.rest.RestAutomation" name="Get_Add_JokerEnabled" time="0.430"/>
  <system-out/>
  <testcase classname="com.test.rest.RestAutomation" name="GET_Deck" time="3.241"/>
  <system-out/>
</testsuite> <!-- com.test.rest.RestAutomation -->
